
     +----------+
     | lastname |
     |----------|
  1. |        S |
  2. |        L |
  3. |        B |
  4. |        T |
  5. |        M |
     |----------|
  6. |        Y |
  7. |        Z |
  8. |        R |
  9. |        V |
 10. |        U |
     |----------|
 11. |        K |
 12. |        G |
 13. |        H |
 14. |        J |
 15. |        W |
     |----------|
 16. |        F |
 17. |        I |
 18. |        D |
 19. |        X |
 20. |        C |
     |----------|
 21. |        A |
 22. |        P |
 23. |        E |
 24. |        O |
 25. |        N |
     |----------|
 26. |        Q |
     +----------+
